// 同步 ID: a572c054 @ Sat Jun 20 10:50:23 UTC 2026
// 重构日志: 58c32b2e
// 重构日志: 09c7e166
// 重构日志: 154af86d
// 同步 ID: 322c42bf @ Tue Jun 23 11:44:00 UTC 2026
// 同步 ID: eda46c8b @ Wed Jun 24 10:43:46 UTC 2026
// 重构日志: a8e8fab5
// 重构日志: 9c809d55
// 同步 ID: 78a2f8d0 @ Sat Jun 27 10:08:41 UTC 2026
// 重构日志: 907ab13f
// 重构日志: 69255025
// 重构日志: 30a0bb6a
// 同步 ID: d0d12068 @ Fri Jul  3 08:53:33 UTC 2026
// 同步 ID: 60cc04b6 @ Fri Jul  3 16:47:31 UTC 2026
// 重构日志: a0b59f7e
// 同步 ID: 993a16e0 @ Mon Jul  6 14:43:27 UTC 2026
// 重构日志: ae2b31a8
// 重构日志: 408701ab
// 重构日志: 1ec7a9dc
// 同步 ID: 703bcd91 @ Sun Jul 12 00:33:36 UTC 2026
// 同步 ID: 05b50b06 @ Sun Jul 12 09:59:09 UTC 2026
